<?xml version="1.0" encoding="UTF-8"?>
<coverage generated="1711711817568" clover="3.2.0">
  <project timestamp="1711711817569" name="All files">
    <metrics statements="45" coveredstatements="44" conditionals="34" coveredconditionals="27" methods="11" coveredmethods="10" elements="90" coveredelements="81" complexity="0" loc="45" ncloc="45" packages="7" files="8" classes="8"/>
    <package name="components.message">
      <metrics statements="1" coveredstatements="1" conditionals="0" coveredconditionals="0" methods="1" coveredmethods="1"/>
      <file name="messageInput.tsx" path="D:\Public-Repos\2024-S-GROUP3-Barbell\apps\expo\src\components\message\messageInput.tsx">
        <metrics statements="1" coveredstatements="1" conditionals="0" coveredconditionals="0" methods="1" coveredmethods="1"/>
        <line num="11" count="1" type="stmt"/>
      </file>
    </package>
    <package name="components.timeAgo">
      <metrics statements="2" coveredstatements="2" conditionals="2" coveredconditionals="2" methods="1" coveredmethods="1"/>
      <file name="TimeAgo.tsx" path="D:\Public-Repos\2024-S-GROUP3-Barbell\apps\expo\src\components\timeAgo\TimeAgo.tsx">
        <metrics statements="2" coveredstatements="2" conditionals="2" coveredconditionals="2" methods="1" coveredmethods="1"/>
        <line num="10" count="8" type="stmt"/>
        <line num="14" count="8" type="cond" truecount="2" falsecount="0"/>
      </file>
    </package>
    <package name="components.toggle">
      <metrics statements="12" coveredstatements="11" conditionals="6" coveredconditionals="4" methods="4" coveredmethods="3"/>
      <file name="Toggle.tsx" path="D:\Public-Repos\2024-S-GROUP3-Barbell\apps\expo\src\components\toggle\Toggle.tsx">
        <metrics statements="12" coveredstatements="11" conditionals="6" coveredconditionals="4" methods="4" coveredmethods="3"/>
        <line num="12" count="1" type="stmt"/>
        <line num="28" count="1" type="stmt"/>
        <line num="38" count="1" type="cond" truecount="1" falsecount="1"/>
        <line num="40" count="1" type="stmt"/>
        <line num="42" count="1" type="stmt"/>
        <line num="51" count="1" type="stmt"/>
        <line num="56" count="1" type="stmt"/>
        <line num="61" count="1" type="stmt"/>
        <line num="85" count="1" type="stmt"/>
        <line num="87" count="1" type="stmt"/>
        <line num="92" count="0" type="stmt"/>
        <line num="98" count="1" type="stmt"/>
      </file>
    </package>
    <package name="components.ui.bottom-sheet">
      <metrics statements="4" coveredstatements="4" conditionals="0" coveredconditionals="0" methods="2" coveredmethods="2"/>
      <file name="bottom-sheet.tsx" path="D:\Public-Repos\2024-S-GROUP3-Barbell\apps\expo\src\components\ui\bottom-sheet\bottom-sheet.tsx">
        <metrics statements="4" coveredstatements="4" conditionals="0" coveredconditionals="0" methods="2" coveredmethods="2"/>
        <line num="21" count="1" type="stmt"/>
        <line num="22" count="1" type="stmt"/>
        <line num="24" count="1" type="stmt"/>
        <line num="41" count="1" type="stmt"/>
      </file>
    </package>
    <package name="components.ui.button">
      <metrics statements="5" coveredstatements="5" conditionals="6" coveredconditionals="5" methods="1" coveredmethods="1"/>
      <file name="button.tsx" path="D:\Public-Repos\2024-S-GROUP3-Barbell\apps\expo\src\components\ui\button\button.tsx">
        <metrics statements="5" coveredstatements="5" conditionals="6" coveredconditionals="5" methods="1" coveredmethods="1"/>
        <line num="8" count="2" type="stmt"/>
        <line num="43" count="2" type="stmt"/>
        <line num="50" count="2" type="stmt"/>
        <line num="60" count="3" type="cond" truecount="1" falsecount="1"/>
        <line num="62" count="3" type="stmt"/>
      </file>
    </package>
    <package name="styles">
      <metrics statements="0" coveredstatements="0" conditionals="0" coveredconditionals="0" methods="0" coveredmethods="0"/>
      <file name="colors.tsx" path="D:\Public-Repos\2024-S-GROUP3-Barbell\apps\expo\src\styles\colors.tsx">
        <metrics statements="0" coveredstatements="0" conditionals="0" coveredconditionals="0" methods="0" coveredmethods="0"/>
      </file>
    </package>
    <package name="utils">
      <metrics statements="21" coveredstatements="21" conditionals="20" coveredconditionals="16" methods="2" coveredmethods="2"/>
      <file name="calculateTime.ts" path="D:\Public-Repos\2024-S-GROUP3-Barbell\apps\expo\src\utils\calculateTime.ts">
        <metrics statements="20" coveredstatements="20" conditionals="20" coveredconditionals="16" methods="1" coveredmethods="1"/>
        <line num="4" count="13" type="stmt"/>
        <line num="5" count="13" type="stmt"/>
        <line num="9" count="13" type="cond" truecount="4" falsecount="0"/>
        <line num="10" count="2" type="stmt"/>
        <line num="14" count="11" type="stmt"/>
        <line num="17" count="11" type="stmt"/>
        <line num="21" count="11" type="cond" truecount="2" falsecount="0"/>
        <line num="22" count="2" type="stmt"/>
        <line num="26" count="9" type="cond" truecount="2" falsecount="0"/>
        <line num="27" count="2" type="stmt"/>
        <line num="28" count="2" type="cond" truecount="1" falsecount="1"/>
        <line num="32" count="7" type="cond" truecount="2" falsecount="0"/>
        <line num="33" count="2" type="stmt"/>
        <line num="34" count="2" type="cond" truecount="1" falsecount="1"/>
        <line num="38" count="5" type="cond" truecount="2" falsecount="0"/>
        <line num="39" count="2" type="stmt"/>
        <line num="40" count="2" type="cond" truecount="1" falsecount="1"/>
        <line num="45" count="3" type="stmt"/>
        <line num="46" count="3" type="cond" truecount="1" falsecount="1"/>
        <line num="49" count="11" type="stmt"/>
      </file>
      <file name="cn.ts" path="D:\Public-Repos\2024-S-GROUP3-Barbell\apps\expo\src\utils\cn.ts">
        <metrics statements="1" coveredstatements="1" conditionals="0" coveredconditionals="0" methods="1" coveredmethods="1"/>
        <line num="6" count="3" type="stmt"/>
      </file>
    </package>
  </project>
</coverage>
