{"D:\\Public-Repos\\2024-S-GROUP3-Barbell\\apps\\expo\\src\\components\\message\\messageInput.tsx": {"path":"D:\\Public-Repos\\2024-S-GROUP3-Barbell\\apps\\expo\\src\\components\\message\\messageInput.tsx","statementMap":{"0":{"start":{"line":11,"column":2},"end":{"line":49,"column":3}}},"fnMap":{"0":{"name":"MessageInput","decl":{"start":{"line":10,"column":24},"end":{"line":10,"column":36}},"loc":{"start":{"line":10,"column":39},"end":{"line":50,"column":1}},"line":10}},"branchMap":{},"s":{"0":1},"f":{"0":1},"b":{},"_coverageSchema":"1a1c01bbd47fc00a2c39e90264f33305004495a9","hash":"502899439549c87412ff08d689af9eeb2991a24d"}
,"D:\\Public-Repos\\2024-S-GROUP3-Barbell\\apps\\expo\\src\\components\\timeAgo\\TimeAgo.tsx": {"path":"D:\\Public-Repos\\2024-S-GROUP3-Barbell\\apps\\expo\\src\\components\\timeAgo\\TimeAgo.tsx","statementMap":{"0":{"start":{"line":10,"column":18},"end":{"line":10,"column":45}},"1":{"start":{"line":14,"column":2},"end":{"line":24,"column":3}}},"fnMap":{"0":{"name":"TimeAgo","decl":{"start":{"line":9,"column":24},"end":{"line":9,"column":31}},"loc":{"start":{"line":9,"column":61},"end":{"line":25,"column":1}},"line":9}},"branchMap":{"0":{"loc":{"start":{"line":14,"column":9},"end":{"line":24,"column":3}},"type":"cond-expr","locations":[{"start":{"line":15,"column":4},"end":{"line":15,"column":58}},{"start":{"line":17,"column":4},"end":{"line":23,"column":11}}],"line":14}},"s":{"0":8,"1":8},"f":{"0":8},"b":{"0":[2,6]},"_coverageSchema":"1a1c01bbd47fc00a2c39e90264f33305004495a9","hash":"a11d13a0343d05ae948e3c933555234dd53ce0e9"}
,"D:\\Public-Repos\\2024-S-GROUP3-Barbell\\apps\\expo\\src\\components\\toggle\\Toggle.tsx": {"path":"D:\\Public-Repos\\2024-S-GROUP3-Barbell\\apps\\expo\\src\\components\\toggle\\Toggle.tsx","statementMap":{"0":{"start":{"line":12,"column":53},"end":{"line":12,"column":77}},"1":{"start":{"line":28,"column":21},"end":{"line":74,"column":1}},"2":{"start":{"line":38,"column":20},"end":{"line":38,"column":73}},"3":{"start":{"line":40,"column":2},"end":{"line":47,"column":28}},"4":{"start":{"line":42,"column":4},"end":{"line":46,"column":14}},"5":{"start":{"line":51,"column":26},"end":{"line":54,"column":4}},"6":{"start":{"line":56,"column":26},"end":{"line":59,"column":4}},"7":{"start":{"line":61,"column":2},"end":{"line":73,"column":3}},"8":{"start":{"line":85,"column":38},"end":{"line":85,"column":47}},"9":{"start":{"line":87,"column":2},"end":{"line":94,"column":3}},"10":{"start":{"line":92,"column":26},"end":{"line":92,"column":52}},"11":{"start":{"line":98,"column":15},"end":{"line":127,"column":2}}},"fnMap":{"0":{"name":"(anonymous_0)","decl":{"start":{"line":28,"column":21},"end":{"line":28,"column":22}},"loc":{"start":{"line":36,"column":6},"end":{"line":74,"column":1}},"line":36},"1":{"name":"(anonymous_1)","decl":{"start":{"line":40,"column":12},"end":{"line":40,"column":13}},"loc":{"start":{"line":40,"column":18},"end":{"line":47,"column":3}},"line":40},"2":{"name":"Toggle","decl":{"start":{"line":80,"column":24},"end":{"line":80,"column":30}},"loc":{"start":{"line":84,"column":3},"end":{"line":95,"column":1}},"line":84},"3":{"name":"(anonymous_3)","decl":{"start":{"line":92,"column":20},"end":{"line":92,"column":21}},"loc":{"start":{"line":92,"column":26},"end":{"line":92,"column":52}},"line":92}},"branchMap":{"0":{"loc":{"start":{"line":38,"column":46},"end":{"line":38,"column":63}},"type":"cond-expr","locations":[{"start":{"line":38,"column":58},"end":{"line":38,"column":59}},{"start":{"line":38,"column":62},"end":{"line":38,"column":63}}],"line":38},"1":{"loc":{"start":{"line":43,"column":15},"end":{"line":43,"column":32}},"type":"cond-expr","locations":[{"start":{"line":43,"column":27},"end":{"line":43,"column":28}},{"start":{"line":43,"column":31},"end":{"line":43,"column":32}}],"line":43},"2":{"loc":{"start":{"line":81,"column":2},"end":{"line":81,"column":19}},"type":"default-arg","locations":[{"start":{"line":81,"column":17},"end":{"line":81,"column":19}}],"line":81},"3":{"loc":{"start":{"line":82,"column":2},"end":{"line":82,"column":29}},"type":"default-arg","locations":[{"start":{"line":82,"column":14},"end":{"line":82,"column":29}}],"line":82}},"s":{"0":1,"1":1,"2":1,"3":1,"4":1,"5":1,"6":1,"7":1,"8":1,"9":1,"10":0,"11":1},"f":{"0":1,"1":1,"2":1,"3":0},"b":{"0":[0,1],"1":[0,1],"2":[1],"3":[1]},"_coverageSchema":"1a1c01bbd47fc00a2c39e90264f33305004495a9","hash":"f89795e51fbf8d45bdfffea199f6593a9e9267ea"}
,"D:\\Public-Repos\\2024-S-GROUP3-Barbell\\apps\\expo\\src\\components\\ui\\bottom-sheet\\bottom-sheet.tsx": {"path":"D:\\Public-Repos\\2024-S-GROUP3-Barbell\\apps\\expo\\src\\components\\ui\\bottom-sheet\\bottom-sheet.tsx","statementMap":{"0":{"start":{"line":21,"column":26},"end":{"line":39,"column":2}},"1":{"start":{"line":22,"column":21},"end":{"line":22,"column":47}},"2":{"start":{"line":22,"column":35},"end":{"line":22,"column":42}},"3":{"start":{"line":24,"column":2},"end":{"line":38,"column":3}},"4":{"start":{"line":41,"column":15},"end":{"line":46,"column":2}}},"fnMap":{"0":{"name":"(anonymous_0)","decl":{"start":{"line":21,"column":49},"end":{"line":21,"column":50}},"loc":{"start":{"line":21,"column":61},"end":{"line":39,"column":1}},"line":21},"1":{"name":"(anonymous_1)","decl":{"start":{"line":22,"column":29},"end":{"line":22,"column":30}},"loc":{"start":{"line":22,"column":35},"end":{"line":22,"column":42}},"line":22}},"branchMap":{},"s":{"0":1,"1":1,"2":1,"3":1,"4":1},"f":{"0":1,"1":1},"b":{},"_coverageSchema":"1a1c01bbd47fc00a2c39e90264f33305004495a9","hash":"65b156a2e6299738c9c4710e388043e6542990b6"}
,"D:\\Public-Repos\\2024-S-GROUP3-Barbell\\apps\\expo\\src\\components\\ui\\button\\button.tsx": {"path":"D:\\Public-Repos\\2024-S-GROUP3-Barbell\\apps\\expo\\src\\components\\ui\\button\\button.tsx","statementMap":{"0":{"start":{"line":8,"column":23},"end":{"line":34,"column":2}},"1":{"start":{"line":43,"column":22},"end":{"line":48,"column":1}},"2":{"start":{"line":50,"column":15},"end":{"line":81,"column":1}},"3":{"start":{"line":60,"column":20},"end":{"line":60,"column":70}},"4":{"start":{"line":62,"column":2},"end":{"line":80,"column":3}}},"fnMap":{"0":{"name":"(anonymous_0)","decl":{"start":{"line":50,"column":15},"end":{"line":50,"column":16}},"loc":{"start":{"line":59,"column":19},"end":{"line":81,"column":1}},"line":59}},"branchMap":{"0":{"loc":{"start":{"line":60,"column":20},"end":{"line":60,"column":70}},"type":"cond-expr","locations":[{"start":{"line":60,"column":39},"end":{"line":60,"column":55}},{"start":{"line":60,"column":58},"end":{"line":60,"column":70}}],"line":60},"1":{"loc":{"start":{"line":68,"column":7},"end":{"line":77,"column":7}},"type":"binary-expr","locations":[{"start":{"line":68,"column":7},"end":{"line":68,"column":12}},{"start":{"line":69,"column":8},"end":{"line":76,"column":15}}],"line":68},"2":{"loc":{"start":{"line":71,"column":26},"end":{"line":71,"column":48}},"type":"cond-expr","locations":[{"start":{"line":71,"column":33},"end":{"line":71,"column":37}},{"start":{"line":71,"column":40},"end":{"line":71,"column":48}}],"line":71}},"s":{"0":2,"1":2,"2":2,"3":3,"4":3},"f":{"0":3},"b":{"0":[0,3],"1":[3,3],"2":[2,1]},"_coverageSchema":"1a1c01bbd47fc00a2c39e90264f33305004495a9","hash":"5dc092cde0cee8bb742bdefcfab954e76a75b11f"}
,"D:\\Public-Repos\\2024-S-GROUP3-Barbell\\apps\\expo\\src\\styles\\colors.tsx": {"path":"D:\\Public-Repos\\2024-S-GROUP3-Barbell\\apps\\expo\\src\\styles\\colors.tsx","statementMap":{},"fnMap":{},"branchMap":{},"s":{},"f":{},"b":{},"_coverageSchema":"1a1c01bbd47fc00a2c39e90264f33305004495a9","hash":"f4092a2c70be894eba34056b9f66f2b955f1e011"}
,"D:\\Public-Repos\\2024-S-GROUP3-Barbell\\apps\\expo\\src\\utils\\calculateTime.ts": {"path":"D:\\Public-Repos\\2024-S-GROUP3-Barbell\\apps\\expo\\src\\utils\\calculateTime.ts","statementMap":{"0":{"start":{"line":4,"column":25},"end":{"line":4,"column":35}},"1":{"start":{"line":5,"column":26},"end":{"line":5,"column":44}},"2":{"start":{"line":9,"column":2},"end":{"line":11,"column":3}},"3":{"start":{"line":10,"column":4},"end":{"line":10,"column":13}},"4":{"start":{"line":14,"column":24},"end":{"line":14,"column":97}},"5":{"start":{"line":17,"column":16},"end":{"line":17,"column":18}},"6":{"start":{"line":21,"column":2},"end":{"line":47,"column":3}},"7":{"start":{"line":22,"column":4},"end":{"line":22,"column":25}},"8":{"start":{"line":26,"column":7},"end":{"line":47,"column":3}},"9":{"start":{"line":27,"column":20},"end":{"line":27,"column":50}},"10":{"start":{"line":28,"column":4},"end":{"line":28,"column":65}},"11":{"start":{"line":32,"column":7},"end":{"line":47,"column":3}},"12":{"start":{"line":33,"column":18},"end":{"line":33,"column":50}},"13":{"start":{"line":34,"column":4},"end":{"line":34,"column":59}},"14":{"start":{"line":38,"column":7},"end":{"line":47,"column":3}},"15":{"start":{"line":39,"column":17},"end":{"line":39,"column":50}},"16":{"start":{"line":40,"column":4},"end":{"line":40,"column":56}},"17":{"start":{"line":45,"column":18},"end":{"line":45,"column":52}},"18":{"start":{"line":46,"column":4},"end":{"line":46,"column":59}},"19":{"start":{"line":49,"column":2},"end":{"line":49,"column":17}}},"fnMap":{"0":{"name":"calculateTimeAgo","decl":{"start":{"line":1,"column":24},"end":{"line":1,"column":40}},"loc":{"start":{"line":1,"column":65},"end":{"line":50,"column":1}},"line":1}},"branchMap":{"0":{"loc":{"start":{"line":9,"column":2},"end":{"line":11,"column":3}},"type":"if","locations":[{"start":{"line":9,"column":2},"end":{"line":11,"column":3}},{"start":{},"end":{}}],"line":9},"1":{"loc":{"start":{"line":9,"column":5},"end":{"line":9,"column":71}},"type":"binary-expr","locations":[{"start":{"line":9,"column":5},"end":{"line":9,"column":37}},{"start":{"line":9,"column":41},"end":{"line":9,"column":71}}],"line":9},"2":{"loc":{"start":{"line":21,"column":2},"end":{"line":47,"column":3}},"type":"if","locations":[{"start":{"line":21,"column":2},"end":{"line":47,"column":3}},{"start":{"line":26,"column":7},"end":{"line":47,"column":3}}],"line":21},"3":{"loc":{"start":{"line":26,"column":7},"end":{"line":47,"column":3}},"type":"if","locations":[{"start":{"line":26,"column":7},"end":{"line":47,"column":3}},{"start":{"line":32,"column":7},"end":{"line":47,"column":3}}],"line":26},"4":{"loc":{"start":{"line":28,"column":34},"end":{"line":28,"column":58}},"type":"cond-expr","locations":[{"start":{"line":28,"column":50},"end":{"line":28,"column":53}},{"start":{"line":28,"column":56},"end":{"line":28,"column":58}}],"line":28},"5":{"loc":{"start":{"line":32,"column":7},"end":{"line":47,"column":3}},"type":"if","locations":[{"start":{"line":32,"column":7},"end":{"line":47,"column":3}},{"start":{"line":38,"column":7},"end":{"line":47,"column":3}}],"line":32},"6":{"loc":{"start":{"line":34,"column":30},"end":{"line":34,"column":52}},"type":"cond-expr","locations":[{"start":{"line":34,"column":44},"end":{"line":34,"column":47}},{"start":{"line":34,"column":50},"end":{"line":34,"column":52}}],"line":34},"7":{"loc":{"start":{"line":38,"column":7},"end":{"line":47,"column":3}},"type":"if","locations":[{"start":{"line":38,"column":7},"end":{"line":47,"column":3}},{"start":{"line":44,"column":7},"end":{"line":47,"column":3}}],"line":38},"8":{"loc":{"start":{"line":40,"column":28},"end":{"line":40,"column":49}},"type":"cond-expr","locations":[{"start":{"line":40,"column":41},"end":{"line":40,"column":44}},{"start":{"line":40,"column":47},"end":{"line":40,"column":49}}],"line":40},"9":{"loc":{"start":{"line":46,"column":30},"end":{"line":46,"column":52}},"type":"cond-expr","locations":[{"start":{"line":46,"column":44},"end":{"line":46,"column":47}},{"start":{"line":46,"column":50},"end":{"line":46,"column":52}}],"line":46}},"s":{"0":13,"1":13,"2":13,"3":2,"4":11,"5":11,"6":11,"7":2,"8":9,"9":2,"10":2,"11":7,"12":2,"13":2,"14":5,"15":2,"16":2,"17":3,"18":3,"19":11},"f":{"0":13},"b":{"0":[2,11],"1":[13,12],"2":[2,9],"3":[2,7],"4":[2,0],"5":[2,5],"6":[2,0],"7":[2,3],"8":[2,0],"9":[3,0]},"_coverageSchema":"1a1c01bbd47fc00a2c39e90264f33305004495a9","hash":"2705012a130a2210cdc182208ef232756a474795"}
,"D:\\Public-Repos\\2024-S-GROUP3-Barbell\\apps\\expo\\src\\utils\\cn.ts": {"path":"D:\\Public-Repos\\2024-S-GROUP3-Barbell\\apps\\expo\\src\\utils\\cn.ts","statementMap":{"0":{"start":{"line":6,"column":2},"end":{"line":6,"column":28}}},"fnMap":{"0":{"name":"cn","decl":{"start":{"line":5,"column":9},"end":{"line":5,"column":11}},"loc":{"start":{"line":5,"column":34},"end":{"line":7,"column":1}},"line":5}},"branchMap":{},"s":{"0":3},"f":{"0":3},"b":{},"_coverageSchema":"1a1c01bbd47fc00a2c39e90264f33305004495a9","hash":"5d0a0763828b1e69e5f264fbd869653b97aa9233"}
}
