TN:
SF:src\components\message\messageInput.tsx
FN:10,MessageInput
FNF:1
FNH:1
FNDA:1,MessageInput
DA:11,1
LF:1
LH:1
BRF:0
BRH:0
end_of_record
TN:
SF:src\components\timeAgo\TimeAgo.tsx
FN:9,TimeAgo
FNF:1
FNH:1
FNDA:8,TimeAgo
DA:10,8
DA:14,8
LF:2
LH:2
BRDA:14,0,0,2
BRDA:14,0,1,6
BRF:2
BRH:2
end_of_record
TN:
SF:src\components\toggle\Toggle.tsx
FN:28,(anonymous_0)
FN:40,(anonymous_1)
FN:80,Toggle
FN:92,(anonymous_3)
FNF:4
FNH:3
FNDA:1,(anonymous_0)
FNDA:1,(anonymous_1)
FNDA:1,Toggle
FNDA:0,(anonymous_3)
DA:12,1
DA:28,1
DA:38,1
DA:40,1
DA:42,1
DA:51,1
DA:56,1
DA:61,1
DA:85,1
DA:87,1
DA:92,0
DA:98,1
LF:12
LH:11
BRDA:38,0,0,0
BRDA:38,0,1,1
BRDA:43,1,0,0
BRDA:43,1,1,1
BRDA:81,2,0,1
BRDA:82,3,0,1
BRF:6
BRH:4
end_of_record
TN:
SF:src\components\ui\bottom-sheet\bottom-sheet.tsx
FN:21,(anonymous_0)
FN:22,(anonymous_1)
FNF:2
FNH:2
FNDA:1,(anonymous_0)
FNDA:1,(anonymous_1)
DA:21,1
DA:22,1
DA:24,1
DA:41,1
LF:4
LH:4
BRF:0
BRH:0
end_of_record
TN:
SF:src\components\ui\button\button.tsx
FN:50,(anonymous_0)
FNF:1
FNH:1
FNDA:3,(anonymous_0)
DA:8,2
DA:43,2
DA:50,2
DA:60,3
DA:62,3
LF:5
LH:5
BRDA:60,0,0,0
BRDA:60,0,1,3
BRDA:68,1,0,3
BRDA:68,1,1,3
BRDA:71,2,0,2
BRDA:71,2,1,1
BRF:6
BRH:5
end_of_record
TN:
SF:src\styles\colors.tsx
FNF:0
FNH:0
LF:0
LH:0
BRF:0
BRH:0
end_of_record
TN:
SF:src\utils\calculateTime.ts
FN:1,calculateTimeAgo
FNF:1
FNH:1
FNDA:13,calculateTimeAgo
DA:4,13
DA:5,13
DA:9,13
DA:10,2
DA:14,11
DA:17,11
DA:21,11
DA:22,2
DA:26,9
DA:27,2
DA:28,2
DA:32,7
DA:33,2
DA:34,2
DA:38,5
DA:39,2
DA:40,2
DA:45,3
DA:46,3
DA:49,11
LF:20
LH:20
BRDA:9,0,0,2
BRDA:9,0,1,11
BRDA:9,1,0,13
BRDA:9,1,1,12
BRDA:21,2,0,2
BRDA:21,2,1,9
BRDA:26,3,0,2
BRDA:26,3,1,7
BRDA:28,4,0,2
BRDA:28,4,1,0
BRDA:32,5,0,2
BRDA:32,5,1,5
BRDA:34,6,0,2
BRDA:34,6,1,0
BRDA:38,7,0,2
BRDA:38,7,1,3
BRDA:40,8,0,2
BRDA:40,8,1,0
BRDA:46,9,0,3
BRDA:46,9,1,0
BRF:20
BRH:16
end_of_record
TN:
SF:src\utils\cn.ts
FN:5,cn
FNF:1
FNH:1
FNDA:3,cn
DA:6,3
LF:1
LH:1
BRF:0
BRH:0
end_of_record
